0 info it worked if it ends with ok
1 verbose cli [ '/usr/bin/nodejs', '/usr/bin/npm', 'start' ]
2 info using npm@3.5.2
3 info using node@v4.2.6
4 verbose run-script [ 'prestart', 'start', 'poststart' ]
5 info lifecycle server-with-babel@~prestart: server-with-babel@
6 silly lifecycle server-with-babel@~prestart: no script for prestart, continuing
7 info lifecycle server-with-babel@~start: server-with-babel@
8 verbose lifecycle server-with-babel@~start: unsafe-perm in lifecycle true
9 verbose lifecycle server-with-babel@~start: PATH: /usr/share/npm/bin/node-gyp-bin:/home/n4ml3ss-2/cursos/jsdefinitivo/babel-node/node_modules/.bin:/usr/local/sbin:/usr/local/bin:/usr/sbin:/usr/bin:/sbin:/bin:/usr/games:/usr/local/games:/snap/bin
10 verbose lifecycle server-with-babel@~start: CWD: /home/n4ml3ss-2/cursos/jsdefinitivo/babel-node
11 silly lifecycle server-with-babel@~start: Args: [ '-c', 'node index' ]
12 silly lifecycle server-with-babel@~start: Returned: code: 1  signal: null
13 info lifecycle server-with-babel@~start: Failed to exec start script
14 verbose stack Error: server-with-babel@ start: `node index`
14 verbose stack Exit status 1
14 verbose stack     at EventEmitter.<anonymous> (/usr/share/npm/lib/utils/lifecycle.js:232:16)
14 verbose stack     at emitTwo (events.js:87:13)
14 verbose stack     at EventEmitter.emit (events.js:172:7)
14 verbose stack     at ChildProcess.<anonymous> (/usr/share/npm/lib/utils/spawn.js:24:14)
14 verbose stack     at emitTwo (events.js:87:13)
14 verbose stack     at ChildProcess.emit (events.js:172:7)
14 verbose stack     at maybeClose (internal/child_process.js:821:16)
14 verbose stack     at Process.ChildProcess._handle.onexit (internal/child_process.js:211:5)
15 verbose pkgid server-with-babel@
16 verbose cwd /home/n4ml3ss-2/cursos/jsdefinitivo/babel-node
17 error Linux 4.4.0-53-generic
18 error argv "/usr/bin/nodejs" "/usr/bin/npm" "start"
19 error node v4.2.6
20 error npm  v3.5.2
21 error code ELIFECYCLE
22 error server-with-babel@ start: `node index`
22 error Exit status 1
23 error Failed at the server-with-babel@ start script 'node index'.
23 error Make sure you have the latest version of node.js and npm installed.
23 error If you do, this is most likely a problem with the server-with-babel package,
23 error not with npm itself.
23 error Tell the author that this fails on your system:
23 error     node index
23 error You can get information on how to open an issue for this project with:
23 error     npm bugs server-with-babel
23 error Or if that isn't available, you can get their info via:
23 error     npm owner ls server-with-babel
23 error There is likely additional logging output above.
24 verbose exit [ 1, true ]
